2020-09-01 19:07:53 INFO  DBReader:34 - Creating XmlFileReader object
2020-09-01 19:07:53 INFO  DBConnection:31 - Getting connection properties from data.properties
2020-09-01 19:07:53 INFO  DBReader:36 - Getting connection
2020-09-01 19:07:53 INFO  DBReader:39 - Creating Statement and ResultSet
2020-09-01 19:07:53 INFO  DBReader:40 - Checking for records in database
2020-09-01 19:07:53 INFO  DBReader:48 - Creating new Statement and ResultSet if database have records
2020-09-01 19:07:53 INFO  XmlFileStructure:54 - Method getDocument() called
2020-09-01 19:07:53 INFO  XmlFileStructure:58 - Document created
2020-09-01 19:07:53 INFO  XmlFileStructure:39 - Method createElements() called
2020-09-01 19:07:53 INFO  XmlFileStructure:45 - Structure of xml created
2020-09-01 19:07:53 INFO  DBReader:51 - Creating document and its elements
2020-09-01 19:07:53 INFO  XmlFileStructure:96 - Creating rows of xml
2020-09-01 19:07:53 INFO  XmlFileStructure:96 - Creating rows of xml
2020-09-01 19:07:53 INFO  XmlFileStructure:96 - Creating rows of xml
2020-09-01 19:07:53 INFO  XmlFileStructure:96 - Creating rows of xml
2020-09-01 19:07:53 INFO  XmlFileStructure:96 - Creating rows of xml
2020-09-01 19:07:53 INFO  XmlFileStructure:96 - Creating rows of xml
2020-09-01 19:07:53 INFO  XmlFileStructure:96 - Creating rows of xml
2020-09-01 19:07:53 INFO  DBReader:60 - Moving values from database to xml file
2020-09-01 19:07:53 INFO  XmlFileStructure:69 - Method createXML() called
2020-09-01 19:07:53 INFO  XmlFileStructure:72 - Opening Scanner
